<?xml version="1.0" encoding="UTF-8"?>
<testng-results ignored="0" total="1" passed="1" failed="0" skipped="0">
  <reporter-output>
  </reporter-output>
  <suite started-at="2025-05-08T12:41:56 IST" name="Default suite" finished-at="2025-05-08T12:42:02 IST" duration-ms="5788">
    <groups>
    </groups>
    <test started-at="2025-05-08T12:41:56 IST" name="Default test" finished-at="2025-05-08T12:42:02 IST" duration-ms="5788">
      <class name="testingbaba.TestingBaba">
        <test-method signature="launchUrl()[pri:0, instance:testingbaba.TestingBaba@1ed6388a]" started-at="2025-05-08T12:41:56 IST" name="launchUrl" finished-at="2025-05-08T12:42:02 IST" duration-ms="5692" status="PASS">
          <reporter-output>
          </reporter-output>
        </test-method> <!-- launchUrl -->
      </class> <!-- testingbaba.TestingBaba -->
    </test> <!-- Default test -->
  </suite> <!-- Default suite -->
</testng-results>
